This is pdfTeX, Version 3.14159265-2.6-1.40.16 (TeX Live 2015/Debian) (preloaded format=pdflatex 2018.10.12)  14 JAN 2019 00:09
entering extended mode
 restricted \write18 enabled.
 file:line:error style messages enabled.
 %&-line parsing enabled.
**/home/jgnotts23/Documents/CMEECourseWork/Week9/Code/jsg18.tex
(/home/jgnotts23/Documents/CMEECourseWork/Week9/Code/jsg18.tex
LaTeX2e <2016/02/01>
Babel <3.9q> and hyphenation patterns for 81 language(s) loaded.
(/usr/share/texlive/texmf-dist/tex/latex/base/article.cls
Document Class: article 2014/09/29 v1.4h Standard LaTeX document class
(/usr/share/texlive/texmf-dist/tex/latex/base/size10.clo
File: size10.clo 2014/09/29 v1.4h Standard LaTeX file (size option)
)
\c@part=\count79
\c@section=\count80
\c@subsection=\count81
\c@subsubsection=\count82
\c@paragraph=\count83
\c@subparagraph=\count84
\c@figure=\count85
\c@table=\count86
\abovecaptionskip=\skip41
\belowcaptionskip=\skip42
\bibindent=\dimen102
) (/usr/share/texlive/texmf-dist/tex/latex/graphics/graphicx.sty
Package: graphicx 2014/10/28 v1.0g Enhanced LaTeX Graphics (DPC,SPQR)
 (/usr/share/texlive/texmf-dist/tex/latex/graphics/keyval.sty
Package: keyval 2014/10/28 v1.15 key=value parser (DPC)
\KV@toks@=\toks14
) (/usr/share/texlive/texmf-dist/tex/latex/graphics/graphics.sty
Package: graphics 2016/01/03 v1.0q Standard LaTeX Graphics (DPC,SPQR)
 (/usr/share/texlive/texmf-dist/tex/latex/graphics/trig.sty
Package: trig 2016/01/03 v1.10 sin cos tan (DPC)
) (/usr/share/texlive/texmf-dist/tex/latex/latexconfig/graphics.cfg
File: graphics.cfg 2010/04/23 v1.9 graphics configuration of TeX Live
)
Package graphics Info: Driver file: pdftex.def on input line 95.
 (/usr/share/texlive/texmf-dist/tex/latex/pdftex-def/pdftex.def
File: pdftex.def 2011/05/27 v0.06d Graphics/color for pdfTeX
 (/usr/share/texlive/texmf-dist/tex/generic/oberdiek/infwarerr.sty
Package: infwarerr 2010/04/08 v1.3 Providing info/warning/error messages (HO)
) (/usr/share/texlive/texmf-dist/tex/generic/oberdiek/ltxcmds.sty
Package: ltxcmds 2011/11/09 v1.22 LaTeX kernel commands for general use (HO)
)
\Gread@gobject=\count87
))
\Gin@req@height=\dimen103
\Gin@req@width=\dimen104
) (/usr/share/texlive/texmf-dist/tex/latex/geometry/geometry.sty
Package: geometry 2010/09/12 v5.6 Page Geometry
 (/usr/share/texlive/texmf-dist/tex/generic/oberdiek/ifpdf.sty
Package: ifpdf 2011/01/30 v2.3 Provides the ifpdf switch (HO)
Package ifpdf Info: pdfTeX in PDF mode is detected.
) (/usr/share/texlive/texmf-dist/tex/generic/oberdiek/ifvtex.sty
Package: ifvtex 2010/03/01 v1.5 Detect VTeX and its facilities (HO)
Package ifvtex Info: VTeX not detected.
) (/usr/share/texlive/texmf-dist/tex/generic/ifxetex/ifxetex.sty
Package: ifxetex 2010/09/12 v0.6 Provides ifxetex conditional
)
\Gm@cnth=\count88
\Gm@cntv=\count89
\c@Gm@tempcnt=\count90
\Gm@bindingoffset=\dimen105
\Gm@wd@mp=\dimen106
\Gm@odd@mp=\dimen107
\Gm@even@mp=\dimen108
\Gm@layoutwidth=\dimen109
\Gm@layoutheight=\dimen110
\Gm@layouthoffset=\dimen111
\Gm@layoutvoffset=\dimen112
\Gm@dimlist=\toks15
) (/usr/share/texlive/texmf-dist/tex/latex/caption/caption.sty
Package: caption 2016/02/21 v3.3-144 Customizing captions (AR)
 (/usr/share/texlive/texmf-dist/tex/latex/caption/caption3.sty
Package: caption3 2016/02/04 v1.7-139 caption3 kernel (AR)
Package caption3 Info: TeX engine: e-TeX on input line 67.
\captionmargin=\dimen113
\captionmargin@=\dimen114
\captionwidth=\dimen115
\caption@tempdima=\dimen116
\caption@indent=\dimen117
\caption@parindent=\dimen118
\caption@hangindent=\dimen119
)
\c@ContinuedFloat=\count91
) (./jsg18.aux)
\openout1 = `jsg18.aux'.

LaTeX Font Info:    Checking defaults for OML/cmm/m/it on input line 6.
LaTeX Font Info:    ... okay on input line 6.
LaTeX Font Info:    Checking defaults for T1/cmr/m/n on input line 6.
LaTeX Font Info:    ... okay on input line 6.
LaTeX Font Info:    Checking defaults for OT1/cmr/m/n on input line 6.
LaTeX Font Info:    ... okay on input line 6.
LaTeX Font Info:    Checking defaults for OMS/cmsy/m/n on input line 6.
LaTeX Font Info:    ... okay on input line 6.
LaTeX Font Info:    Checking defaults for OMX/cmex/m/n on input line 6.
LaTeX Font Info:    ... okay on input line 6.
LaTeX Font Info:    Checking defaults for U/cmr/m/n on input line 6.
LaTeX Font Info:    ... okay on input line 6.
 (/usr/share/texlive/texmf-dist/tex/context/base/supp-pdf.mkii
[Loading MPS to PDF converter (version 2006.09.02).]
\scratchcounter=\count92
\scratchdimen=\dimen120
\scratchbox=\box26
\nofMPsegments=\count93
\nofMParguments=\count94
\everyMPshowfont=\toks16
\MPscratchCnt=\count95
\MPscratchDim=\dimen121
\MPnumerator=\count96
\makeMPintoPDFobject=\count97
\everyMPtoPDFconversion=\toks17
) (/usr/share/texlive/texmf-dist/tex/generic/oberdiek/pdftexcmds.sty
Package: pdftexcmds 2011/11/29 v0.20 Utility functions of pdfTeX for LuaTeX (HO)
 (/usr/share/texlive/texmf-dist/tex/generic/oberdiek/ifluatex.sty
Package: ifluatex 2010/03/01 v1.3 Provides the ifluatex switch (HO)
Package ifluatex Info: LuaTeX not detected.
)
Package pdftexcmds Info: LuaTeX not detected.
Package pdftexcmds Info: \pdf@primitive is available.
Package pdftexcmds Info: \pdf@ifprimitive is available.
Package pdftexcmds Info: \pdfdraftmode found.
) (/usr/share/texlive/texmf-dist/tex/latex/oberdiek/epstopdf-base.sty
Package: epstopdf-base 2010/02/09 v2.5 Base part for package epstopdf
 (/usr/share/texlive/texmf-dist/tex/latex/oberdiek/grfext.sty
Package: grfext 2010/08/19 v1.1 Manage graphics extensions (HO)
 (/usr/share/texlive/texmf-dist/tex/generic/oberdiek/kvdefinekeys.sty
Package: kvdefinekeys 2011/04/07 v1.3 Define keys (HO)
)) (/usr/share/texlive/texmf-dist/tex/latex/oberdiek/kvoptions.sty
Package: kvoptions 2011/06/30 v3.11 Key value format for package options (HO)
 (/usr/share/texlive/texmf-dist/tex/generic/oberdiek/kvsetkeys.sty
Package: kvsetkeys 2012/04/25 v1.16 Key value parser (HO)
 (/usr/share/texlive/texmf-dist/tex/generic/oberdiek/etexcmds.sty
Package: etexcmds 2011/02/16 v1.5 Avoid name clashes with e-TeX commands (HO)
Package etexcmds Info: Could not find \expanded.
(etexcmds)             That can mean that you are not using pdfTeX 1.50 or
(etexcmds)             that some package has redefined \expanded.
(etexcmds)             In the latter case, load this package earlier.
)))
Package grfext Info: Graphics extension search list:
(grfext)             [.png,.pdf,.jpg,.mps,.jpeg,.jbig2,.jb2,.PNG,.PDF,.JPG,.JPEG,.JBIG2,.JB2,.eps]
(grfext)             \AppendGraphicsExtensions on input line 452.
 (/usr/share/texlive/texmf-dist/tex/latex/latexconfig/epstopdf-sys.cfg
File: epstopdf-sys.cfg 2010/07/13 v1.3 Configuration of (r)epstopdf for TeX Live
))
*geometry* driver: auto-detecting
*geometry* detected driver: pdftex
*geometry* verbose mode - [ preamble ] result:
* driver: pdftex
* paper: <default>
* layout: <same size as paper>
* layoutoffset:(h,v)=(0.0pt,0.0pt)
* modes: 
* h-part:(L,W,R)=(86.72377pt, 440.84746pt, 86.72377pt)
* v-part:(T,H,B)=(86.72377pt, 621.52245pt, 86.72377pt)
* \paperwidth=614.295pt
* \paperheight=794.96999pt
* \textwidth=440.84746pt
* \textheight=621.52245pt
* \oddsidemargin=14.45378pt
* \evensidemargin=14.45378pt
* \topmargin=-22.54622pt
* \headheight=12.0pt
* \headsep=25.0pt
* \topskip=10.0pt
* \footskip=30.0pt
* \marginparwidth=65.0pt
* \marginparsep=11.0pt
* \columnsep=10.0pt
* \skip\footins=9.0pt plus 4.0pt minus 2.0pt
* \hoffset=0.0pt
* \voffset=0.0pt
* \mag=1000
* \@twocolumnfalse
* \@twosidefalse
* \@mparswitchfalse
* \@reversemarginfalse
* (1in=72.27pt=25.4mm, 1cm=28.453pt)

Package caption Info: Begin \AtBeginDocument code.
Package caption Info: End \AtBeginDocument code.
LaTeX Font Info:    External font `cmex10' loaded for size
(Font)              <12> on input line 11.
LaTeX Font Info:    External font `cmex10' loaded for size
(Font)              <8> on input line 11.
LaTeX Font Info:    External font `cmex10' loaded for size
(Font)              <6> on input line 11.
<../Results/question_8.jpeg, id=1, 522.45187pt x 352.31625pt>
File: ../Results/question_8.jpeg Graphic file (type jpg)
 <use ../Results/question_8.jpeg>
Package pdftex.def Info: ../Results/question_8.jpeg used on input line 27.
(pdftex.def)             Requested size: 440.84746pt x 297.29298pt.
 [1

{/var/lib/texmf/fonts/map/pdftex/updmap/pdftex.map} <../Results/question_8.jpeg>] <../Results/question_12.jpeg, id=11, 522.45187pt x 352.31625pt>
File: ../Results/question_12.jpeg Graphic file (type jpg)
 <use ../Results/question_12.jpeg>
Package pdftex.def Info: ../Results/question_12.jpeg used on input line 47.
(pdftex.def)             Requested size: 440.84746pt x 297.29298pt.
 [2 <../Results/question_12.jpeg>] <../Results/question_16.jpeg, id=15, 522.45187pt x 352.31625pt>
File: ../Results/question_16.jpeg Graphic file (type jpg)
 <use ../Results/question_16.jpeg>
Package pdftex.def Info: ../Results/question_16.jpeg used on input line 64.
(pdftex.def)             Requested size: 440.84746pt x 297.29298pt.
 [3 <../Results/question_16.jpeg>] <../Results/challenge_A.jpeg, id=19, 522.45187pt x 352.31625pt>
File: ../Results/challenge_A.jpeg Graphic file (type jpg)
 <use ../Results/challenge_A.jpeg>
Package pdftex.def Info: ../Results/challenge_A.jpeg used on input line 78.
(pdftex.def)             Requested size: 440.84746pt x 297.29298pt.
 <../Results/challenge_B.jpeg, id=20, 522.45187pt x 352.31625pt>
File: ../Results/challenge_B.jpeg Graphic file (type jpg)
 <use ../Results/challenge_B.jpeg>
Package pdftex.def Info: ../Results/challenge_B.jpeg used on input line 87.
(pdftex.def)             Requested size: 440.84746pt x 297.29298pt.
 [4 <../Results/challenge_A.jpeg>] <../Results/question_20.jpeg, id=24, 522.45187pt x 451.6875pt>
File: ../Results/question_20.jpeg Graphic file (type jpg)
 <use ../Results/question_20.jpeg>
Package pdftex.def Info: ../Results/question_20.jpeg used on input line 97.
(pdftex.def)             Requested size: 440.84746pt x 381.14484pt.
 [5 <../Results/challenge_B.jpeg>] <../Results/challenge_C.jpeg, id=28, 522.45187pt x 349.305pt>
File: ../Results/challenge_C.jpeg Graphic file (type jpg)
 <use ../Results/challenge_C.jpeg>
Package pdftex.def Info: ../Results/challenge_C.jpeg used on input line 107.
(pdftex.def)             Requested size: 440.84746pt x 294.75201pt.
 [6 <../Results/question_20.jpeg>] [7 <../Results/challenge_C.jpeg>]
LaTeX Font Info:    External font `cmex10' loaded for size
(Font)              <7> on input line 138.
LaTeX Font Info:    External font `cmex10' loaded for size
(Font)              <5> on input line 138.
 <../Results/question_22.jpeg, id=36, 522.45187pt x 352.31625pt>
File: ../Results/question_22.jpeg Graphic file (type jpg)
 <use ../Results/question_22.jpeg>
Package pdftex.def Info: ../Results/question_22.jpeg used on input line 154.
(pdftex.def)             Requested size: 440.84746pt x 297.29298pt.
 [8 <../Results/question_22.jpeg>] <../Results/challenge_E.jpeg, id=42, 752.8125pt x 677.53125pt>
File: ../Results/challenge_E.jpeg Graphic file (type jpg)
 <use ../Results/challenge_E.jpeg>
Package pdftex.def Info: ../Results/challenge_E.jpeg used on input line 168.
(pdftex.def)             Requested size: 440.84746pt x 396.77289pt.
 [9 <../Results/challenge_E.jpeg>] <../Results/question_26.jpeg, id=46, 522.45187pt x 451.6875pt>
File: ../Results/question_26.jpeg Graphic file (type jpg)
 <use ../Results/question_26.jpeg>
Package pdftex.def Info: ../Results/question_26.jpeg used on input line 187.
(pdftex.def)             Requested size: 440.84746pt x 381.14484pt.
 <../Results/question_27.jpeg, id=47, 522.45187pt x 451.6875pt>
File: ../Results/question_27.jpeg Graphic file (type jpg)
 <use ../Results/question_27.jpeg>
Package pdftex.def Info: ../Results/question_27.jpeg used on input line 196.
(pdftex.def)             Requested size: 440.84746pt x 381.14484pt.
 [10 <../Results/question_26.jpeg>] <../Results/question_29.jpeg, id=51, 522.45187pt x 451.6875pt>
File: ../Results/question_29.jpeg Graphic file (type jpg)
 <use ../Results/question_29.jpeg>
Package pdftex.def Info: ../Results/question_29.jpeg used on input line 204.
(pdftex.def)             Requested size: 440.84746pt x 381.14484pt.
 [11 <../Results/question_27.jpeg>] <../Results/challenge_F.jpeg, id=55, 522.45187pt x 470.50781pt>
File: ../Results/challenge_F.jpeg Graphic file (type jpg)
 <use ../Results/challenge_F.jpeg>
Package pdftex.def Info: ../Results/challenge_F.jpeg used on input line 212.
(pdftex.def)             Requested size: 440.84746pt x 397.02588pt.
 [12 <../Results/question_29.jpeg>] [13 <../Results/challenge_F.jpeg>] (./jsg18.aux) ) 
Here is how much of TeX's memory you used:
 3097 strings out of 493029
 49445 string characters out of 6136233
 115227 words of memory out of 5000000
 6613 multiletter control sequences out of 15000+600000
 7587 words of font info for 27 fonts, out of 8000000 for 9000
 1141 hyphenation exceptions out of 8191
 38i,6n,39p,590b,258s stack positions out of 5000i,500n,10000p,200000b,80000s
</usr/share/texlive/texmf-dist/fonts/type1/public/amsfonts/cm/cmbx12.pfb></usr/share/texlive/texmf-dist/fonts/type1/public/amsfonts/cm/cmmi10.pfb></usr/share/texlive/texmf-dist/fonts/type1/public/amsfonts/cm/cmmi7.pfb></usr/share/texlive/texmf-dist/fonts/type1/public/amsfonts/cm/cmr10.pfb></usr/share/texlive/texmf-dist/fonts/type1/public/amsfonts/cm/cmr12.pfb></usr/share/texlive/texmf-dist/fonts/type1/public/amsfonts/cm/cmr17.pfb>
Output written on jsg18.pdf (13 pages, 1046128 bytes).
PDF statistics:
 84 PDF objects out of 1000 (max. 8388607)
 49 compressed objects within 1 object stream
 0 named destinations out of 1000 (max. 500000)
 66 words of extra memory for PDF output out of 10000 (max. 10000000)

